[1020/000446.011:ERROR:directory_reader_win.cc(43)] FindFirstFile: The system cannot find the path specified. (0x3)
[1022/122252.320:ERROR:directory_reader_win.cc(43)] FindFirstFile: The system cannot find the path specified. (0x3)
[1024/161650.043:ERROR:directory_reader_win.cc(43)] FindFirstFile: The system cannot find the path specified. (0x3)
[1025/141847.366:ERROR:directory_reader_win.cc(43)] FindFirstFile: The system cannot find the path specified. (0x3)
[1026/113204.699:ERROR:directory_reader_win.cc(43)] FindFirstFile: The system cannot find the path specified. (0x3)
[1031/134702.086:ERROR:directory_reader_win.cc(43)] FindFirstFile: The system cannot find the path specified. (0x3)
[1031/135938.984:ERROR:process_info.cc(359)] UncheckedAllocate
[1031/135939.224:ERROR:process_reader_win.cc(188)] ResumeThread: The parameter is incorrect. (0x57)
[1031/135939.225:ERROR:process_reader_win.cc(151)] SuspendThread: Access is denied. (0x5)
[1031/135939.225:ERROR:process_reader_win.cc(151)] SuspendThread: Access is denied. (0x5)
[1031/135939.225:ERROR:process_reader_win.cc(151)] SuspendThread: Access is denied. (0x5)
[1031/135939.225:ERROR:process_reader_win.cc(151)] SuspendThread: Access is denied. (0x5)
[1031/135939.225:ERROR:process_reader_win.cc(151)] SuspendThread: Access is denied. (0x5)
[1031/135939.225:ERROR:process_reader_win.cc(151)] SuspendThread: Access is denied. (0x5)
[1031/135939.225:ERROR:process_reader_win.cc(151)] SuspendThread: Access is denied. (0x5)
[1031/135939.225:ERROR:process_reader_win.cc(151)] SuspendThread: Access is denied. (0x5)
[1031/135939.225:ERROR:process_reader_win.cc(151)] SuspendThread: Access is denied. (0x5)
[1031/135939.357:ERROR:scoped_process_suspend.cc(40)] NtResumeProcess: An attempt was made to access an exiting process. (0xc000010a)
[1031/160411.078:ERROR:process_info.cc(359)] UncheckedAllocate
[1031/160411.107:ERROR:process_info.cc(359)] UncheckedAllocate
[1031/160411.107:ERROR:process_info.cc(359)] UncheckedAllocate
[1031/161406.268:ERROR:directory_reader_win.cc(43)] FindFirstFile: The system cannot find the path specified. (0x3)
[1101/132801.826:ERROR:directory_reader_win.cc(43)] FindFirstFile: The system cannot find the path specified. (0x3)
[1103/102716.494:ERROR:directory_reader_win.cc(43)] FindFirstFile: The system cannot find the path specified. (0x3)
[1104/101505.564:ERROR:directory_reader_win.cc(43)] FindFirstFile: The system cannot find the path specified. (0x3)
[1108/154627.336:ERROR:directory_reader_win.cc(43)] FindFirstFile: The system cannot find the path specified. (0x3)
[1108/163934.727:ERROR:directory_reader_win.cc(43)] FindFirstFile: The system cannot find the path specified. (0x3)
[1108/175501.361:ERROR:directory_reader_win.cc(43)] FindFirstFile: The system cannot find the path specified. (0x3)
[1109/081937.411:ERROR:directory_reader_win.cc(43)] FindFirstFile: The system cannot find the path specified. (0x3)
[1109/110723.787:ERROR:directory_reader_win.cc(43)] FindFirstFile: The system cannot find the path specified. (0x3)
[1109/225145.544:ERROR:directory_reader_win.cc(43)] FindFirstFile: The system cannot find the path specified. (0x3)
